[debug] > Exec(early(addDefaultCommands), None, None)
[debug] > Exec(addDefaultCommands, None, None)
[debug] > Exec(early(initialize), None, None)
[debug] > Exec(initialize, None, None)
[debug] > Exec(early(addPluginSbtFile="""C:\Users\Catarina\AppData\Local\Temp\idea.sbt"""), None, None)
[debug] > Exec(addPluginSbtFile="""C:\Users\Catarina\AppData\Local\Temp\idea.sbt""", None, None)
[debug] > Exec(boot, None, None)
[debug] > Exec(writeSbtVersion, None, None)
[debug] > Exec(reload, None, None)
[debug] > Exec(sbtStashOnFailure, None, None)
[debug] > Exec(onFailure loadFailed, None, None)
[debug] > Exec(loadp, None, None)
[info] welcome to sbt 1.6.2 (Oracle Corporation Java 17.0.2)
[debug]       Load.loadUnit: plugins took 279.1502ms
[debug]       Load.loadUnit: defsScala took 0.3978ms
[debug] [Loading] Scanning directory C:\Users\Catarina\.sbt\1.0\plugins
[debug] [Loading] Found non-root projects 
[debug] [Loading] Done in C:\Users\Catarina\.sbt\1.0\plugins, returning: ()
[debug] deducing auto plugins based on known facts Set(Atom(sbt.plugins.CorePlugin)) and clauses Clauses(Clause(Atom(sbt.plugins.JvmPlugin),Set(Atom(sbt.plugins.IvyPlugin)))
[debug] Clause(Atom(sbt.ScriptedPlugin),Set(Atom(sbt.plugins.JvmPlugin)))
[debug] Clause(Atom(sbt.plugins.SbtPlugin),Set(Atom(sbt.ScriptedPlugin)))
[debug] Clause(Atom(sbt.plugins.SemanticdbPlugin),Set(Atom(sbt.plugins.JvmPlugin)))
[debug] Clause(Atom(sbt.plugins.JUnitXmlReportPlugin),Set(Atom(sbt.plugins.JvmPlugin)))
[debug] Clause(Atom(sbt.plugins.MiniDependencyTreePlugin),Set(Atom(sbt.plugins.JvmPlugin)))
[debug] Clause(Atom(sbt.plugins.CorePlugin),Set(Atom(sbt.plugins.IvyPlugin)))
[debug] Clause(Atom(sbt.plugins.IvyPlugin),Set(Atom(sbt.plugins.JvmPlugin)))
[debug] Clause(Atom(sbt.plugins.JvmPlugin),Set(Atom(sbt.plugins.SemanticdbPlugin)))
[debug] Clause(Atom(sbt.plugins.JvmPlugin),Set(Atom(sbt.plugins.JUnitXmlReportPlugin)))
[debug] Clause(Atom(sbt.plugins.CorePlugin),Set(Atom(sbt.plugins.Giter8TemplatePlugin)))
[debug] Clause(Atom(sbt.plugins.JvmPlugin),Set(Atom(sbt.plugins.MiniDependencyTreePlugin))))
[debug]   :: deduced result: Matched(sbt.plugins.CorePlugin,sbt.plugins.Giter8TemplatePlugin,sbt.plugins.IvyPlugin,sbt.plugins.JvmPlugin,sbt.plugins.MiniDependencyTreePlugin,sbt.plugins.JUnitXmlReportPlugin,sbt.plugins.SemanticdbPlugin)
[debug] Plugins.deducer#function took 26.1974 ms
[debug]           Load.resolveProject(global-plugins) took 69.9428ms
[debug]         Load.loadTransitive: finalizeProject(Project(id global-plugins, base: C:\Users\Catarina\.sbt\1.0\plugins, plugins: List(<none>))) took 127.3492ms
[debug] [Loading] Done in C:\Users\Catarina\.sbt\1.0\plugins, returning: (global-plugins)
[debug]       Load.loadUnit: loadedProjectsRaw took 179.6148ms
[debug]       Load.loadUnit: cleanEvalClasses took 0.3157ms
[debug]     Load.loadUnit(file:/C:/Users/Catarina/.sbt/1.0/plugins/, ...) took 487.0965ms
[debug]   Load.apply: load took 2009.0792ms
[debug]   Load.apply: resolveProjects took 9.0361ms
[debug]   Load.apply: finalTransforms took 454.5332ms
[debug]   Load.apply: config.delegates took 37.1286ms
[debug]   Load.apply: Def.make(settings)... took 1393.8224ms
[debug]   Load.apply: structureIndex took 177.3307ms
[debug]   Load.apply: mkStreams took 4.1776ms
[info] loading global plugins from C:\Users\Catarina\.sbt\1.0\plugins
[debug] Running task... Cancel: Signal, check cycles: false, forcegc: true
[debug] Load.defaultLoad until apply took 75225.3326ms
[debug]           Load.loadUnit: plugins took 137.546ms
[debug]           Load.loadUnit: defsScala took 0.0038ms
[debug] [Loading] Scanning directory C:\Users\Catarina\Desktop\Aulas UPSkill\PF\Aula 1 - 31 Mar\lab01\project
[debug]             Load.loadUnit: mkEval took 49.6422ms
[debug] [Loading] Found non-root projects 
[debug] [Loading] Done in C:\Users\Catarina\Desktop\Aulas UPSkill\PF\Aula 1 - 31 Mar\lab01\project, returning: ()
[debug] deducing auto plugins based on known facts Set(Atom(sbt.plugins.CorePlugin)) and clauses Clauses(Clause(Atom(sbt.plugins.JvmPlugin),Set(Atom(sbt.plugins.IvyPlugin)))
[debug] Clause(Atom(sbt.ScriptedPlugin),Set(Atom(sbt.plugins.JvmPlugin)))
[debug] Clause(Atom(sbt.plugins.SbtPlugin),Set(Atom(sbt.ScriptedPlugin)))
[debug] Clause(Atom(sbt.plugins.SemanticdbPlugin),Set(Atom(sbt.plugins.JvmPlugin)))
[debug] Clause(Atom(sbt.plugins.JUnitXmlReportPlugin),Set(Atom(sbt.plugins.JvmPlugin)))
[debug] Clause(Atom(sbt.plugins.MiniDependencyTreePlugin),Set(Atom(sbt.plugins.JvmPlugin)))
[debug] Clause(Atom(sbt.plugins.CorePlugin),Set(Atom(sbt.plugins.IvyPlugin)))
[debug] Clause(Atom(sbt.plugins.IvyPlugin),Set(Atom(sbt.plugins.JvmPlugin)))
[debug] Clause(Atom(sbt.plugins.JvmPlugin),Set(Atom(sbt.plugins.SemanticdbPlugin)))
[debug] Clause(Atom(sbt.plugins.JvmPlugin),Set(Atom(sbt.plugins.JUnitXmlReportPlugin)))
[debug] Clause(Atom(sbt.plugins.CorePlugin),Set(Atom(sbt.plugins.Giter8TemplatePlugin)))
[debug] Clause(Atom(sbt.plugins.JvmPlugin),Set(Atom(sbt.plugins.MiniDependencyTreePlugin))))
[debug]   :: deduced result: Matched(sbt.plugins.CorePlugin,sbt.plugins.Giter8TemplatePlugin,sbt.plugins.IvyPlugin,sbt.plugins.JvmPlugin,sbt.plugins.MiniDependencyTreePlugin,sbt.plugins.JUnitXmlReportPlugin,sbt.plugins.SemanticdbPlugin)
[debug] Plugins.deducer#function took 2.6529 ms
[info] loading settings for project lab01-build from idea.sbt ...
[debug]               Load.resolveProject(lab01-build) took 4.2078ms
[debug]             Load.loadTransitive: finalizeProject(Project(id lab01-build, base: C:\Users\Catarina\Desktop\Aulas UPSkill\PF\Aula 1 - 31 Mar\lab01\project, plugins: List(<none>))) took 7.5766ms
[debug] [Loading] Done in C:\Users\Catarina\Desktop\Aulas UPSkill\PF\Aula 1 - 31 Mar\lab01\project, returning: (lab01-build)
[debug]           Load.loadUnit: loadedProjectsRaw took 8555.7974ms
[debug]           Load.loadUnit: cleanEvalClasses took 15.4881ms
[debug]         Load.loadUnit(file:/C:/Users/Catarina/Desktop/Aulas%20UPSkill/PF/Aula%201%20-%2031%20Mar/lab01/project/, ...) took 8709.9408ms
[debug]       Load.apply: load took 8712.3467ms
[debug]       Load.apply: resolveProjects took 0.18ms
[debug]       Load.apply: finalTransforms took 16.6851ms
[debug]       Load.apply: config.delegates took 0.4874ms
[debug]       Load.apply: Def.make(settings)... took 160.1021ms
[debug]       Load.apply: structureIndex took 64.9657ms
[debug]       Load.apply: mkStreams took 0.0046ms
[info] loading project definition from C:\Users\Catarina\Desktop\Aulas UPSkill\PF\Aula 1 - 31 Mar\lab01\project
[debug] Running task... Cancel: Signal, check cycles: false, forcegc: true
[warn] Unrecognized repository Scala Plugin Bundled Repository, ignoring it
[warn] Unrecognized repository Scala Plugin Bundled Repository, ignoring it
[debug]     Load.loadUnit: plugins took 30012.7137ms
[debug]     Load.loadUnit: defsScala took 0.0054ms
[debug] [Loading] Scanning directory C:\Users\Catarina\Desktop\Aulas UPSkill\PF\Aula 1 - 31 Mar\lab01
[debug]       Load.loadUnit: mkEval took 0.3419ms
[debug] [Loading] Found non-root projects 
[debug] [Loading] Done in C:\Users\Catarina\Desktop\Aulas UPSkill\PF\Aula 1 - 31 Mar\lab01, returning: ()
[debug] deducing auto plugins based on known facts Set(Atom(sbt.plugins.CorePlugin)) and clauses Clauses(Clause(Atom(sbt.plugins.JvmPlugin),Set(Atom(sbt.plugins.IvyPlugin)))
[debug] Clause(Atom(sbt.ScriptedPlugin),Set(Atom(sbt.plugins.JvmPlugin)))
[debug] Clause(Atom(sbt.plugins.SbtPlugin),Set(Atom(sbt.ScriptedPlugin)))
[debug] Clause(Atom(sbt.plugins.SemanticdbPlugin),Set(Atom(sbt.plugins.JvmPlugin)))
[debug] Clause(Atom(sbt.plugins.JUnitXmlReportPlugin),Set(Atom(sbt.plugins.JvmPlugin)))
[debug] Clause(Atom(sbt.plugins.MiniDependencyTreePlugin),Set(Atom(sbt.plugins.JvmPlugin)))
[debug] Clause(Atom(org.jetbrains.sbt.StructurePlugin),Set(Atom(sbt.plugins.JvmPlugin)))
[debug] Clause(Atom(org.jetbrains.sbt.IdeaShellPlugin),Set(Atom(sbt.plugins.JvmPlugin)))
[debug] Clause(Atom(org.jetbrains.sbt.indices.SbtIntellijIndicesPlugin),Set(Atom(sbt.plugins.JvmPlugin)))
[debug] Clause(Atom(sbt.plugins.CorePlugin),Set(Atom(sbt.plugins.IvyPlugin)))
[debug] Clause(Atom(sbt.plugins.IvyPlugin),Set(Atom(sbt.plugins.JvmPlugin)))
[debug] Clause(Atom(sbt.plugins.JvmPlugin),Set(Atom(sbt.plugins.SemanticdbPlugin)))
[debug] Clause(Atom(sbt.plugins.JvmPlugin),Set(Atom(sbt.plugins.JUnitXmlReportPlugin)))
[debug] Clause(Atom(sbt.plugins.CorePlugin),Set(Atom(sbt.plugins.Giter8TemplatePlugin)))
[debug] Clause(Atom(sbt.plugins.JvmPlugin),Set(Atom(sbt.plugins.MiniDependencyTreePlugin)))
[debug] Clause(Atom(sbt.plugins.JvmPlugin),Set(Atom(org.jetbrains.sbt.StructurePlugin)))
[debug] Clause(Atom(sbt.plugins.JvmPlugin),Set(Atom(org.jetbrains.sbt.IdeaShellPlugin)))
[debug] Clause(And(Set(Atom(sbt.plugins.CorePlugin), Atom(sbt.plugins.JvmPlugin))),Set(Atom(org.jetbrains.sbt.indices.SbtIntellijIndicesPlugin))))
[debug]   :: deduced result: Matched(sbt.plugins.CorePlugin,sbt.plugins.Giter8TemplatePlugin,sbt.plugins.IvyPlugin,sbt.plugins.JvmPlugin,sbt.plugins.SemanticdbPlugin,org.jetbrains.sbt.indices.SbtIntellijIndicesPlugin,sbt.plugins.JUnitXmlReportPlugin,org.jetbrains.sbt.IdeaShellPlugin,org.jetbrains.sbt.StructurePlugin,sbt.plugins.MiniDependencyTreePlugin)
[debug] Plugins.deducer#function took 3.2136 ms
[info] loading settings for project lab01 from build.sbt ...
[debug]         Load.resolveProject(lab01) took 171.8099ms
[debug]       Load.loadTransitive: finalizeProject(Project(id lab01, base: C:\Users\Catarina\Desktop\Aulas UPSkill\PF\Aula 1 - 31 Mar\lab01, plugins: List(<none>))) took 176.8879ms
[debug] [Loading] Done in C:\Users\Catarina\Desktop\Aulas UPSkill\PF\Aula 1 - 31 Mar\lab01, returning: (lab01)
[debug]     Load.loadUnit: loadedProjectsRaw took 4798.3134ms
[debug]     Load.loadUnit: cleanEvalClasses took 91.5833ms
[debug]   Load.loadUnit(file:/C:/Users/Catarina/Desktop/Aulas%20UPSkill/PF/Aula%201%20-%2031%20Mar/lab01/, ...) took 34903.8302ms
[debug] Load.apply: load took 34906.3801ms
[debug] Load.apply: resolveProjects took 0.189ms
[debug] Load.apply: finalTransforms took 89.3991ms
[debug] Load.apply: config.delegates took 0.5275ms
[debug] Load.apply: Def.make(settings)... took 133.1147ms
[debug] Load.apply: structureIndex took 27.1554ms
[debug] Load.apply: mkStreams took 0.0032ms
[info] set current project to lab01 (in build file:/C:/Users/Catarina/Desktop/Aulas%20UPSkill/PF/Aula%201%20-%2031%20Mar/lab01/)
[debug] > Exec(sbtPopOnFailure, None, None)
[debug] > Exec(resumeFromFailure, None, None)
[debug] > Exec(notifyUsersAboutShell, None, None)
[debug] > Exec(iflast shell, None, None)
[debug] > Exec(; set ideaPort in Global := 4109 ; idea-shell, None, None)
[debug] > Exec(set ideaPort in Global := 4109, None, None)
[info] Defining Global / ideaPort
[info] The new value will be used by Compile / compile, Test / compile
[debug] Defining 
[debug] 	Global / ideaPort
[debug] 
[debug] The new value will be used by 
[debug] 	Compile / compile
[debug] 	Test / compile
[info] Reapplying settings...
[info] set current project to lab01 (in build file:/C:/Users/Catarina/Desktop/Aulas%20UPSkill/PF/Aula%201%20-%2031%20Mar/lab01/)
[debug] > Exec(idea-shell, None, None)
[warn] In the last 11277 seconds, 10.157 (0,1%) were spent in GC. [Heap: 0,16GB free of 0,24GB, max 1,50GB] Consider increasing the JVM heap using `-Xmx` or try a different collector, e.g. `-XX:+UseG1GC`, for better performance.
